<?xml version="1.0" encoding="UTF-8"?>
<testsuite xmlns:xsi="http://www.w3.org/2001/XMLSchema-instance" xsi:noNamespaceSchemaLocation="https://maven.apache.org/surefire/maven-surefire-plugin/xsd/surefire-test-report-3.0.xsd" version="3.0" name="co.edu.uniqundio.poo.model.BatallonTest" time="0.025" tests="13" errors="0" skipped="0" failures="0">
  <properties>
[...]
</properties>
  <testcase name="testMisionesCompletadas" classname="co.edu.uniqundio.poo.model.BatallonTest" time="0.008"/>
  <testcase name="testObtenerVehiculosBlindadosConBlindajeAlto" classname="co.edu.uniqundio.poo.model.BatallonTest" time="0.0"/>
  <testcase name="testVerificarVehiculoBlindadoExistente" classname="co.edu.uniqundio.poo.model.BatallonTest" time="0.0"/>
  <testcase name="testIngresarKilometrajeValido" classname="co.edu.uniqundio.poo.model.BatallonTest" time="0.001"/>
  <testcase name="testAgregarRecorrido" classname="co.edu.uniqundio.poo.model.BatallonTest" time="0.0"/>
  <testcase name="testListarVehiculosEstadoDISPONIBLE" classname="co.edu.uniqundio.poo.model.BatallonTest" time="0.0"/>
  <testcase name="testRegistroCompletoVehiculoApoyo" classname="co.edu.uniqundio.poo.model.BatallonTest" time="0.001"/>
  <testcase name="testEvitarDuplicados" classname="co.edu.uniqundio.poo.model.BatallonTest" time="0.0"/>
  <testcase name="TestFiltrarVehiculosMedicos" classname="co.edu.uniqundio.poo.model.BatallonTest" time="0.0"/>
  <testcase name="testBuscarVehiculo" classname="co.edu.uniqundio.poo.model.BatallonTest" time="0.001"/>
  <testcase name="testObtenerVehiculosSegunBlindajeAlto" classname="co.edu.uniqundio.poo.model.BatallonTest" time="0.0"/>
  <testcase name="testVehiculoExistente" classname="co.edu.uniqundio.poo.model.BatallonTest" time="0.0"/>
  <testcase name="testCambioEstado" classname="co.edu.uniqundio.poo.model.BatallonTest" time="0.0"/>
</testsuite>